<?xml version="1.0" encoding="UTF-8"?>
<testng-results skipped="0" failed="0" ignored="0" total="1" passed="1">
  <reporter-output>
  </reporter-output>
  <suite name="Default suite" duration-ms="3182" started-at="2020-02-22T10:25:30Z" finished-at="2020-02-22T10:25:33Z">
    <groups>
    </groups>
    <test name="Default test" duration-ms="3182" started-at="2020-02-22T10:25:30Z" finished-at="2020-02-22T10:25:33Z">
      <class name="Test.TestPDF">
        <test-method status="PASS" signature="test()[pri:0, instance:Test.TestPDF@1810399e]" name="test" duration-ms="3119" started-at="2020-02-22T10:25:30Z" finished-at="2020-02-22T10:25:33Z">
          <reporter-output>
          </reporter-output>
        </test-method> <!-- test -->
      </class> <!-- Test.TestPDF -->
    </test> <!-- Default test -->
  </suite> <!-- Default suite -->
</testng-results>
